
> hackdecouverte25@0.0.0 dev
> vite

Port 5173 is in use, trying another one...

  VITE v7.2.4  ready in 139 ms

  ➜  Local:   http://localhost:5174/
  ➜  Network: use --host to expose
11:59:03 AM [vite] (client) hmr update /src/components/subComponents/CalendarHeader.jsx
11:59:03 AM [vite] Internal server error: /home/kozachok/Hackdecouverte25/frontend/src/components/subComponents/CalendarHeader.jsx: Missing semicolon. (36:7)

  34 |     }
  35 |   };
> 36 |   conts switchMonth => (direction) {
     |        ^
  37 |     setDate(new Date().setMonth(date.getMonth + direction));
  38 |   }
  39 |
  Plugin: vite:react-babel
  File: /home/kozachok/Hackdecouverte25/frontend/src/components/subComponents/CalendarHeader.jsx:36:7
  34 |      }
  35 |    };
  36 |    conts switchMonth => (direction) {
     |         ^
  37 |      setDate(new Date().setMonth(date.getMonth + direction));
  38 |    }
      at constructor (/home/kozachok/Hackdecouverte25/frontend/node_modules/@babel/parser/lib/index.js:367:19)
      at JSXParserMixin.raise (/home/kozachok/Hackdecouverte25/frontend/node_modules/@babel/parser/lib/index.js:6624:19)
      at JSXParserMixin.semicolon (/home/kozachok/Hackdecouverte25/frontend/node_modules/@babel/parser/lib/index.js:6920:10)
      at JSXParserMixin.parseExpressionStatement (/home/kozachok/Hackdecouverte25/frontend/node_modules/@babel/parser/lib/index.js:13361:10)
      at JSXParserMixin.parseStatementContent (/home/kozachok/Hackdecouverte25/frontend/node_modules/@babel/parser/lib/index.js:12975:19)
      at JSXParserMixin.parseStatementLike (/home/kozachok/Hackdecouverte25/frontend/node_modules/@babel/parser/lib/index.js:12843:17)
      at JSXParserMixin.parseStatementListItem (/home/kozachok/Hackdecouverte25/frontend/node_modules/@babel/parser/lib/index.js:12823:17)
      at JSXParserMixin.parseBlockOrModuleBlockBody (/home/kozachok/Hackdecouverte25/frontend/node_modules/@babel/parser/lib/index.js:13392:61)
      at JSXParserMixin.parseBlockBody (/home/kozachok/Hackdecouverte25/frontend/node_modules/@babel/parser/lib/index.js:13385:10)
      at JSXParserMixin.parseBlock (/home/kozachok/Hackdecouverte25/frontend/node_modules/@babel/parser/lib/index.js:13373:10)
      at JSXParserMixin.parseFunctionBody (/home/kozachok/Hackdecouverte25/frontend/node_modules/@babel/parser/lib/index.js:12174:24)
      at JSXParserMixin.parseFunctionBodyAndFinish (/home/kozachok/Hackdecouverte25/frontend/node_modules/@babel/parser/lib/index.js:12160:10)
      at /home/kozachok/Hackdecouverte25/frontend/node_modules/@babel/parser/lib/index.js:13521:12
      at JSXParserMixin.withSmartMixTopicForbiddingContext (/home/kozachok/Hackdecouverte25/frontend/node_modules/@babel/parser/lib/index.js:12477:14)
      at JSXParserMixin.parseFunction (/home/kozachok/Hackdecouverte25/frontend/node_modules/@babel/parser/lib/index.js:13520:10)
      at JSXParserMixin.parseFunctionStatement (/home/kozachok/Hackdecouverte25/frontend/node_modules/@babel/parser/lib/index.js:13201:17)
      at JSXParserMixin.parseStatementContent (/home/kozachok/Hackdecouverte25/frontend/node_modules/@babel/parser/lib/index.js:12867:21)
      at JSXParserMixin.parseStatementLike (/home/kozachok/Hackdecouverte25/frontend/node_modules/@babel/parser/lib/index.js:12843:17)
      at JSXParserMixin.parseModuleItem (/home/kozachok/Hackdecouverte25/frontend/node_modules/@babel/parser/lib/index.js:12820:17)
      at JSXParserMixin.parseBlockOrModuleBlockBody (/home/kozachok/Hackdecouverte25/frontend/node_modules/@babel/parser/lib/index.js:13392:36)
      at JSXParserMixin.parseBlockBody (/home/kozachok/Hackdecouverte25/frontend/node_modules/@babel/parser/lib/index.js:13385:10)
      at JSXParserMixin.parseProgram (/home/kozachok/Hackdecouverte25/frontend/node_modules/@babel/parser/lib/index.js:12698:10)
      at JSXParserMixin.parseTopLevel (/home/kozachok/Hackdecouverte25/frontend/node_modules/@babel/parser/lib/index.js:12688:25)
      at JSXParserMixin.parse (/home/kozachok/Hackdecouverte25/frontend/node_modules/@babel/parser/lib/index.js:14568:25)
      at parse (/home/kozachok/Hackdecouverte25/frontend/node_modules/@babel/parser/lib/index.js:14602:38)
      at parser (/home/kozachok/Hackdecouverte25/frontend/node_modules/@babel/core/lib/parser/index.js:41:34)
      at parser.next (<anonymous>)
      at normalizeFile (/home/kozachok/Hackdecouverte25/frontend/node_modules/@babel/core/lib/transformation/normalize-file.js:64:37)
      at normalizeFile.next (<anonymous>)
      at run (/home/kozachok/Hackdecouverte25/frontend/node_modules/@babel/core/lib/transformation/index.js:22:50)
      at run.next (<anonymous>)
      at transform (/home/kozachok/Hackdecouverte25/frontend/node_modules/@babel/core/lib/transform.js:22:33)
      at transform.next (<anonymous>)
      at step (/home/kozachok/Hackdecouverte25/frontend/node_modules/gensync/index.js:261:32)
      at /home/kozachok/Hackdecouverte25/frontend/node_modules/gensync/index.js:273:13
      at async.call.result.err.err (/home/kozachok/Hackdecouverte25/frontend/node_modules/gensync/index.js:223:11)
      at /home/kozachok/Hackdecouverte25/frontend/node_modules/gensync/index.js:189:28
      at /home/kozachok/Hackdecouverte25/frontend/node_modules/@babel/core/lib/gensync-utils/async.js:67:7
      at /home/kozachok/Hackdecouverte25/frontend/node_modules/gensync/index.js:113:33
      at step (/home/kozachok/Hackdecouverte25/frontend/node_modules/gensync/index.js:287:14)
      at /home/kozachok/Hackdecouverte25/frontend/node_modules/gensync/index.js:273:13
      at async.call.result.err.err (/home/kozachok/Hackdecouverte25/frontend/node_modules/gensync/index.js:223:11)
11:59:09 AM [vite] (client) hmr update /src/components/subComponents/CalendarHeader.jsx
11:59:09 AM [vite] Internal server error: /home/kozachok/Hackdecouverte25/frontend/src/components/subComponents/CalendarHeader.jsx: Missing initializer in const declaration. (36:19)

  34 |     }
  35 |   };
> 36 |   const switchMonth => (direction) {
     |                    ^
  37 |     setDate(new Date().setMonth(date.getMonth + direction));
  38 |   };
  39 |
  Plugin: vite:react-babel
  File: /home/kozachok/Hackdecouverte25/frontend/src/components/subComponents/CalendarHeader.jsx:36:19
  34 |      }
  35 |    };
  36 |    const switchMonth => (direction) {
     |                     ^
  37 |      setDate(new Date().setMonth(date.getMonth + direction));
  38 |    };
      at constructor (/home/kozachok/Hackdecouverte25/frontend/node_modules/@babel/parser/lib/index.js:367:19)
      at JSXParserMixin.raise (/home/kozachok/Hackdecouverte25/frontend/node_modules/@babel/parser/lib/index.js:6624:19)
      at JSXParserMixin.parseVar (/home/kozachok/Hackdecouverte25/frontend/node_modules/@babel/parser/lib/index.js:13467:16)
      at JSXParserMixin.parseVarStatement (/home/kozachok/Hackdecouverte25/frontend/node_modules/@babel/parser/lib/index.js:13306:10)
      at JSXParserMixin.parseStatementContent (/home/kozachok/Hackdecouverte25/frontend/node_modules/@babel/parser/lib/index.js:12927:23)
      at JSXParserMixin.parseStatementLike (/home/kozachok/Hackdecouverte25/frontend/node_modules/@babel/parser/lib/index.js:12843:17)
      at JSXParserMixin.parseStatementListItem (/home/kozachok/Hackdecouverte25/frontend/node_modules/@babel/parser/lib/index.js:12823:17)
      at JSXParserMixin.parseBlockOrModuleBlockBody (/home/kozachok/Hackdecouverte25/frontend/node_modules/@babel/parser/lib/index.js:13392:61)
      at JSXParserMixin.parseBlockBody (/home/kozachok/Hackdecouverte25/frontend/node_modules/@babel/parser/lib/index.js:13385:10)
      at JSXParserMixin.parseBlock (/home/kozachok/Hackdecouverte25/frontend/node_modules/@babel/parser/lib/index.js:13373:10)
      at JSXParserMixin.parseFunctionBody (/home/kozachok/Hackdecouverte25/frontend/node_modules/@babel/parser/lib/index.js:12174:24)
      at JSXParserMixin.parseFunctionBodyAndFinish (/home/kozachok/Hackdecouverte25/frontend/node_modules/@babel/parser/lib/index.js:12160:10)
      at /home/kozachok/Hackdecouverte25/frontend/node_modules/@babel/parser/lib/index.js:13521:12
      at JSXParserMixin.withSmartMixTopicForbiddingContext (/home/kozachok/Hackdecouverte25/frontend/node_modules/@babel/parser/lib/index.js:12477:14)
      at JSXParserMixin.parseFunction (/home/kozachok/Hackdecouverte25/frontend/node_modules/@babel/parser/lib/index.js:13520:10)
      at JSXParserMixin.parseFunctionStatement (/home/kozachok/Hackdecouverte25/frontend/node_modules/@babel/parser/lib/index.js:13201:17)
      at JSXParserMixin.parseStatementContent (/home/kozachok/Hackdecouverte25/frontend/node_modules/@babel/parser/lib/index.js:12867:21)
      at JSXParserMixin.parseStatementLike (/home/kozachok/Hackdecouverte25/frontend/node_modules/@babel/parser/lib/index.js:12843:17)
      at JSXParserMixin.parseModuleItem (/home/kozachok/Hackdecouverte25/frontend/node_modules/@babel/parser/lib/index.js:12820:17)
      at JSXParserMixin.parseBlockOrModuleBlockBody (/home/kozachok/Hackdecouverte25/frontend/node_modules/@babel/parser/lib/index.js:13392:36)
      at JSXParserMixin.parseBlockBody (/home/kozachok/Hackdecouverte25/frontend/node_modules/@babel/parser/lib/index.js:13385:10)
      at JSXParserMixin.parseProgram (/home/kozachok/Hackdecouverte25/frontend/node_modules/@babel/parser/lib/index.js:12698:10)
      at JSXParserMixin.parseTopLevel (/home/kozachok/Hackdecouverte25/frontend/node_modules/@babel/parser/lib/index.js:12688:25)
      at JSXParserMixin.parse (/home/kozachok/Hackdecouverte25/frontend/node_modules/@babel/parser/lib/index.js:14568:25)
      at parse (/home/kozachok/Hackdecouverte25/frontend/node_modules/@babel/parser/lib/index.js:14602:38)
      at parser (/home/kozachok/Hackdecouverte25/frontend/node_modules/@babel/core/lib/parser/index.js:41:34)
      at parser.next (<anonymous>)
      at normalizeFile (/home/kozachok/Hackdecouverte25/frontend/node_modules/@babel/core/lib/transformation/normalize-file.js:64:37)
      at normalizeFile.next (<anonymous>)
      at run (/home/kozachok/Hackdecouverte25/frontend/node_modules/@babel/core/lib/transformation/index.js:22:50)
      at run.next (<anonymous>)
      at transform (/home/kozachok/Hackdecouverte25/frontend/node_modules/@babel/core/lib/transform.js:22:33)
      at transform.next (<anonymous>)
      at step (/home/kozachok/Hackdecouverte25/frontend/node_modules/gensync/index.js:261:32)
      at /home/kozachok/Hackdecouverte25/frontend/node_modules/gensync/index.js:273:13
      at async.call.result.err.err (/home/kozachok/Hackdecouverte25/frontend/node_modules/gensync/index.js:223:11)
      at /home/kozachok/Hackdecouverte25/frontend/node_modules/gensync/index.js:189:28
      at /home/kozachok/Hackdecouverte25/frontend/node_modules/@babel/core/lib/gensync-utils/async.js:67:7
      at /home/kozachok/Hackdecouverte25/frontend/node_modules/gensync/index.js:113:33
      at step (/home/kozachok/Hackdecouverte25/frontend/node_modules/gensync/index.js:287:14)
      at /home/kozachok/Hackdecouverte25/frontend/node_modules/gensync/index.js:273:13
      at async.call.result.err.err (/home/kozachok/Hackdecouverte25/frontend/node_modules/gensync/index.js:223:11)
11:59:45 AM [vite] (client) hmr update /src/components/subComponents/CalendarHeader.jsx
12:01:07 PM [vite] (client) hmr update /src/components/subComponents/CalendarHeader.jsx
12:19:18 PM [vite] (client) hmr update /src/components/subComponents/CalendarHeader.jsx
12:19:58 PM [vite] (client) hmr update /src/components/subComponents/CalendarHeader.jsx
12:24:13 PM [vite] (client) hmr update /src/components/subComponents/CalendarHeader.jsx
12:24:46 PM [vite] (client) hmr update /src/components/subComponents/CalendarHeader.jsx
12:24:51 PM [vite] (client) hmr update /src/components/subComponents/CalendarHeader.jsx
12:25:09 PM [vite] (client) hmr update /src/components/subComponents/CalendarHeader.jsx
12:34:02 PM [vite] (client) hmr update /src/components/subComponents/CalendarHeader.jsx
12:34:46 PM [vite] (client) hmr update /src/components/subComponents/CalendarHeader.jsx
12:35:08 PM [vite] (client) hmr update /src/components/subComponents/CalendarHeader.jsx
12:36:13 PM [vite] (client) hmr update /src/components/subComponents/CalendarHeader.jsx
12:36:31 PM [vite] (client) hmr update /src/components/subComponents/CalendarHeader.jsx
